<?xml version="1.0" encoding="UTF-8"?>
<testsuite xmlns:xsi="http://www.w3.org/2001/XMLSchema-instance" xsi:noNamespaceSchemaLocation="https://maven.apache.org/surefire/maven-failsafe-plugin/xsd/failsafe-test-report.xsd" name="test.demo.testrunner.TestRunner" time="14.072" tests="2" errors="0" skipped="0" failures="1">
  <properties>
[...]
</properties>
  <testcase name="API validation of POST call" classname="labcorp mock test for API Validation" time="6.826"/>
  <testcase name="API validation of GET call" classname="labcorp mock test for API Validation" time="1.018">
    <failure message="1 expectation failed.&#10;JSON path x[98].createdAt doesn&apos;t match.&#10;Expected: 265&#10;  Actual: null&#10;" type="java.lang.AssertionError">java.lang.AssertionError: 
1 expectation failed.
JSON path x[98].createdAt doesn't match.
Expected: 265
  Actual: null

</failure>
    <system-out><![CDATA[get response [{"createdAt":1631825833,"employee_firstname":"TestData12345","employee_lastname":"TestData12345","employee_phonenumbe":"264-783-9453","ademployee_emaildress":"ademployee_emaildress 1","citemployee_addressy":"citemployee_addressy 1","stateemployee_dev_level":"stateemployee_dev_level 1","employee_gender":"employee_gender 1","employee_hire_date":"2025-10-31T16:35:45.426Z","employee_onleave":true,"tech_stack":[],"project":[],"id":"53"},{"createdAt":1631825833,"employee_firstname":"TestData12345","employee_lastname":"TestData12345","employee_phonenumbe":"264-783-9453","ademployee_emaildress":"ademployee_emaildress 1","citemployee_addressy":"citemployee_addressy 1","stateemployee_dev_level":"stateemployee_dev_level 1","employee_gender":"employee_gender 1","employee_hire_date":"2025-10-31T16:35:45.426Z","employee_onleave":true,"tech_stack":[],"project":[],"id":"57"},{"createdAt":1631825833,"employee_firstname":"TestData12345","employee_lastname":"TestData12345","employee_phonenumbe":"264-783-9453","ademployee_emaildress":"ademployee_emaildress 1","citemployee_addressy":"citemployee_addressy 1","stateemployee_dev_level":"stateemployee_dev_level 1","employee_gender":"employee_gender 1","employee_hire_date":"2025-10-31T16:35:45.426Z","employee_onleave":true,"tech_stack":[],"project":[],"id":"59"},{"createdAt":1631825833,"employee_firstname":"TestData12345","employee_lastname":"TestData12345","employee_phonenumbe":"264-783-9453","ademployee_emaildress":"ademployee_emaildress 1","citemployee_addressy":"citemployee_addressy 1","stateemployee_dev_level":"stateemployee_dev_level 1","employee_gender":"employee_gender 1","employee_hire_date":"2025-10-31T16:35:45.426Z","employee_onleave":true,"tech_stack":[],"project":[],"id":"60"},{"createdAt":1648596568,"employee_firstname":"employee_firstname 151","employee_lastname":"employee_lastname 151","employee_phonenumbe":"589-846-8924","ademployee_emaildress":"ademployee_emaildress 151","citemployee_addressy":"citemployee_addressy 151","stateemployee_dev_level":"stateemployee_dev_level 151","employee_gender":"employee_gender 151","employee_hire_date":"1994-01-26T10:30:22.230Z","employee_onleave":false,"tech_stack":[],"project":[],"id":"151"},{"createdAt":1648596516,"employee_firstname":"employee_firstname 152","employee_lastname":"employee_lastname 152","employee_phonenumbe":"235-407-7405","ademployee_emaildress":"ademployee_emaildress 152","citemployee_addressy":"citemployee_addressy 152","stateemployee_dev_level":"stateemployee_dev_level 152","employee_gender":"employee_gender 152","employee_hire_date":"2027-08-16T20:51:03.897Z","employee_onleave":false,"tech_stack":[],"project":[],"id":"152"},{"createdAt":1648597442,"employee_firstname":"employee_firstname 153","employee_lastname":"employee_lastname 153","employee_phonenumbe":"875-908-7279","ademployee_emaildress":"ademployee_emaildress 153","citemployee_addressy":"citemployee_addressy 153","stateemployee_dev_level":"stateemployee_dev_level 153","employee_gender":"employee_gender 153","employee_hire_date":"2023-07-04T00:24:56.383Z","employee_onleave":false,"tech_stack":[],"project":[],"id":"153"},{"createdAt":1648597812,"employee_firstname":"employee_firstname 154","employee_lastname":"employee_lastname 154","employee_phonenumbe":"487-548-5895","ademployee_emaildress":"ademployee_emaildress 154","citemployee_addressy":"citemployee_addressy 154","stateemployee_dev_level":"stateemployee_dev_level 154","employee_gender":"employee_gender 154","employee_hire_date":"2005-10-07T10:12:33.987Z","employee_onleave":false,"tech_stack":[],"project":[],"id":"154"},{"createdAt":1648597894,"employee_firstname":"employee_firstname 155","employee_lastname":"employee_lastname 155","employee_phonenumbe":"574-270-2823","ademployee_emaildress":"ademployee_emaildress 155","citemployee_addressy":"citemployee_addressy 155","stateemployee_dev_level":"stateemployee_dev_level 155","employee_gender":"employee_gender 155","employee_hire_date":"2090-12-19T03:56:22.897Z","employee_onleave":false,"tech_stack":[],"project":[],"id":"155"},{"createdAt":1648597887,"employee_firstname":"employee_firstname 156","employee_lastname":"employee_lastname 156","employee_phonenumbe":"349-625-0313","ademployee_emaildress":"ademployee_emaildress 156","citemployee_addressy":"citemployee_addressy 156","stateemployee_dev_level":"stateemployee_dev_level 156","employee_gender":"employee_gender 156","employee_hire_date":"2082-12-13T08:25:46.229Z","employee_onleave":false,"tech_stack":[],"project":[],"id":"156"},{"createdAt":1648598583,"employee_firstname":"employee_firstname 157","employee_lastname":"employee_lastname 157","employee_phonenumbe":"283-281-3204","ademployee_emaildress":"ademployee_emaildress 157","citemployee_addressy":"citemployee_addressy 157","stateemployee_dev_level":"stateemployee_dev_level 157","employee_gender":"employee_gender 157","employee_hire_date":"2039-10-02T20:53:04.834Z","employee_onleave":false,"tech_stack":[],"project":[],"id":"157"},{"createdAt":1648598602,"employee_firstname":"employee_firstname 158","employee_lastname":"employee_lastname 158","employee_phonenumbe":"384-913-3198","ademployee_emaildress":"ademployee_emaildress 158","citemployee_addressy":"citemployee_addressy 158","stateemployee_dev_level":"stateemployee_dev_level 158","employee_gender":"employee_gender 158","employee_hire_date":"2016-07-13T10:43:39.479Z","employee_onleave":false,"tech_stack":[],"project":[],"id":"158"},{"createdAt":1648598578,"employee_firstname":"employee_firstname 159","employee_lastname":"employee_lastname 159","employee_phonenumbe":"598-604-5208","ademployee_emaildress":"ademployee_emaildress 159","citemployee_addressy":"citemployee_addressy 159","stateemployee_dev_level":"stateemployee_dev_level 159","employee_gender":"employee_gender 159","employee_hire_date":"2030-02-10T22:55:30.808Z","employee_onleave":false,"tech_stack":[],"project":[],"id":"159"},{"createdAt":1648598607,"employee_firstname":"employee_firstname 160","employee_lastname":"employee_lastname 160","employee_phonenumbe":"792-286-5290","ademployee_emaildress":"ademployee_emaildress 160","citemployee_addressy":"citemployee_addressy 160","stateemployee_dev_level":"stateemployee_dev_level 160","employee_gender":"employee_gender 160","employee_hire_date":"2024-07-12T20:29:28.569Z","employee_onleave":false,"tech_stack":[],"project":[],"id":"160"},{"createdAt":1648599249,"employee_firstname":"employee_firstname 161","employee_lastname":"employee_lastname 161","employee_phonenumbe":"744-923-0440","ademployee_emaildress":"ademployee_emaildress 161","citemployee_addressy":"citemployee_addressy 161","stateemployee_dev_level":"stateemployee_dev_level 161","employee_gender":"employee_gender 161","employee_hire_date":"2080-06-23T14:24:04.847Z","employee_onleave":false,"tech_stack":[],"project":[],"id":"161"},{"createdAt":1648599492,"employee_firstname":"employee_firstname 162","employee_lastname":"employee_lastname 162","employee_phonenumbe":"247-986-4880","ademployee_emaildress":"ademployee_emaildress 162","citemployee_addressy":"citemployee_addressy 162","stateemployee_dev_level":"stateemployee_dev_level 162","employee_gender":"employee_gender 162","employee_hire_date":"1998-10-07T08:17:34.100Z","employee_onleave":false,"tech_stack":[],"project":[],"id":"162"},{"createdAt":1648599498,"employee_firstname":"employee_firstname 163","employee_lastname":"employee_lastname 163","employee_phonenumbe":"394-958-9482","ademployee_emaildress":"ademployee_emaildress 163","citemployee_addressy":"citemployee_addressy 163","stateemployee_dev_level":"stateemployee_dev_level 163","employee_gender":"employee_gender 163","employee_hire_date":"2090-07-16T23:39:59.378Z","employee_onleave":false,"tech_stack":[],"project":[],"id":"163"},{"createdAt":1648599497,"employee_firstname":"employee_firstname 164","employee_lastname":"employee_lastname 164","employee_phonenumbe":"205-690-8334","ademployee_emaildress":"ademployee_emaildress 164","citemployee_addressy":"citemployee_addressy 164","stateemployee_dev_level":"stateemployee_dev_level 164","employee_gender":"employee_gender 164","employee_hire_date":"2084-06-25T11:32:14.930Z","employee_onleave":false,"tech_stack":[],"project":[],"id":"164"},{"createdAt":1648600736,"employee_firstname":"employee_firstname 165","employee_lastname":"employee_lastname 165","employee_phonenumbe":"374-430-9226","ademployee_emaildress":"ademployee_emaildress 165","citemployee_addressy":"citemployee_addressy 165","stateemployee_dev_level":"stateemployee_dev_level 165","employee_gender":"employee_gender 165","employee_hire_date":"2015-03-22T02:29:43.245Z","employee_onleave":false,"tech_stack":[],"project":[],"id":"165"},{"createdAt":1648600741,"employee_firstname":"employee_firstname 166","employee_lastname":"employee_lastname 166","employee_phonenumbe":"932-918-1342","ademployee_emaildress":"ademployee_emaildress 166","citemployee_addressy":"citemployee_addressy 166","stateemployee_dev_level":"stateemployee_dev_level 166","employee_gender":"employee_gender 166","employee_hire_date":"2080-12-06T14:28:10.414Z","employee_onleave":false,"tech_stack":[],"project":[],"id":"166"},{"createdAt":1648600751,"employee_firstname":"employee_firstname 167","employee_lastname":"employee_lastname 167","employee_phonenumbe":"658-678-0446","ademployee_emaildress":"ademployee_emaildress 167","citemployee_addressy":"citemployee_addressy 167","stateemployee_dev_level":"stateemployee_dev_level 167","employee_gender":"employee_gender 167","employee_hire_date":"2078-08-29T22:24:20.160Z","employee_onleave":false,"tech_stack":[],"project":[],"id":"167"},{"createdAt":1648600740,"employee_firstname":"employee_firstname 168","employee_lastname":"employee_lastname 168","employee_phonenumbe":"963-771-5953","ademployee_emaildress":"ademployee_emaildress 168","citemployee_addressy":"citemployee_addressy 168","stateemployee_dev_level":"stateemployee_dev_level 168","employee_gender":"employee_gender 168","employee_hire_date":"2047-01-18T09:23:55.687Z","employee_onleave":false,"tech_stack":[],"project":[],"id":"168"},{"createdAt":1648600891,"employee_firstname":"employee_firstname 169","employee_lastname":"employee_lastname 169","employee_phonenumbe":"335-707-5749","ademployee_emaildress":"ademployee_emaildress 169","citemployee_addressy":"citemployee_addressy 169","stateemployee_dev_level":"stateemployee_dev_level 169","employee_gender":"employee_gender 169","employee_hire_date":"1998-08-17T19:15:51.876Z","employee_onleave":false,"tech_stack":[],"project":[],"id":"169"},{"createdAt":1648600881,"employee_firstname":"employee_firstname 170","employee_lastname":"employee_lastname 170","employee_phonenumbe":"584-499-9489","ademployee_emaildress":"ademployee_emaildress 170","citemployee_addressy":"citemployee_addressy 170","stateemployee_dev_level":"stateemployee_dev_level 170","employee_gender":"employee_gender 170","employee_hire_date":"2027-09-13T09:06:19.374Z","employee_onleave":false,"tech_stack":[],"project":[],"id":"170"},{"createdAt":1648600867,"employee_firstname":"employee_firstname 171","employee_lastname":"employee_lastname 171","employee_phonenumbe":"282-438-2173","ademployee_emaildress":"ademployee_emaildress 171","citemployee_addressy":"citemployee_addressy 171","stateemployee_dev_level":"stateemployee_dev_level 171","employee_gender":"employee_gender 171","employee_hire_date":"2093-05-24T14:52:59.843Z","employee_onleave":false,"tech_stack":[],"project":[],"id":"171"},{"createdAt":1648600833,"employee_firstname":"employee_firstname 172","employee_lastname":"employee_lastname 172","employee_phonenumbe":"473-507-8950","ademployee_emaildress":"ademployee_emaildress 172","citemployee_addressy":"citemployee_addressy 172","stateemployee_dev_level":"stateemployee_dev_level 172","employee_gender":"employee_gender 172","employee_hire_date":"2082-07-19T00:45:01.826Z","employee_onleave":false,"tech_stack":[],"project":[],"id":"172"},{"createdAt":1648600858,"employee_firstname":"employee_firstname 173","employee_lastname":"employee_lastname 173","employee_phonenumbe":"772-522-1478","ademployee_emaildress":"ademployee_emaildress 173","citemployee_addressy":"citemployee_addressy 173","stateemployee_dev_level":"stateemployee_dev_level 173","employee_gender":"employee_gender 173","employee_hire_date":"1993-09-01T07:12:01.532Z","employee_onleave":false,"tech_stack":[],"project":[],"id":"173"},{"createdAt":1648600852,"employee_firstname":"employee_firstname 174","employee_lastname":"employee_lastname 174","employee_phonenumbe":"304-650-3702","ademployee_emaildress":"ademployee_emaildress 174","citemployee_addressy":"citemployee_addressy 174","stateemployee_dev_level":"stateemployee_dev_level 174","employee_gender":"employee_gender 174","employee_hire_date":"1991-01-18T03:11:30.222Z","employee_onleave":false,"tech_stack":[],"project":[],"id":"174"},{"createdAt":1648600871,"employee_firstname":"employee_firstname 175","employee_lastname":"employee_lastname 175","employee_phonenumbe":"394-790-3684","ademployee_emaildress":"ademployee_emaildress 175","citemployee_addressy":"citemployee_addressy 175","stateemployee_dev_level":"stateemployee_dev_level 175","employee_gender":"employee_gender 175","employee_hire_date":"2075-07-11T00:35:02.588Z","employee_onleave":false,"tech_stack":[],"project":[],"id":"175"},{"createdAt":1648600955,"employee_firstname":"employee_firstname 176","employee_lastname":"employee_lastname 176","employee_phonenumbe":"306-200-4706","ademployee_emaildress":"ademployee_emaildress 176","citemployee_addressy":"citemployee_addressy 176","stateemployee_dev_level":"stateemployee_dev_level 176","employee_gender":"employee_gender 176","employee_hire_date":"2090-06-11T06:23:36.959Z","employee_onleave":false,"tech_stack":[],"project":[],"id":"176"},{"createdAt":1648600976,"employee_firstname":"employee_firstname 177","employee_lastname":"employee_lastname 177","employee_phonenumbe":"862-708-6556","ademployee_emaildress":"ademployee_emaildress 177","citemployee_addressy":"citemployee_addressy 177","stateemployee_dev_level":"stateemployee_dev_level 177","employee_gender":"employee_gender 177","employee_hire_date":"2068-05-08T02:05:30.466Z","employee_onleave":false,"tech_stack":[],"project":[],"id":"177"},{"createdAt":1648600953,"employee_firstname":"employee_firstname 178","employee_lastname":"employee_lastname 178","employee_phonenumbe":"840-441-5798","ademployee_emaildress":"ademployee_emaildress 178","citemployee_addressy":"citemployee_addressy 178","stateemployee_dev_level":"stateemployee_dev_level 178","employee_gender":"employee_gender 178","employee_hire_date":"2026-03-27T08:58:06.828Z","employee_onleave":false,"tech_stack":[],"project":[],"id":"178"},{"createdAt":1648602000,"employee_firstname":"employee_firstname 179","employee_lastname":"employee_lastname 179","employee_phonenumbe":"251-692-7144","ademployee_emaildress":"ademployee_emaildress 179","citemployee_addressy":"citemployee_addressy 179","stateemployee_dev_level":"stateemployee_dev_level 179","employee_gender":"employee_gender 179","employee_hire_date":"2083-09-21T14:04:31.661Z","employee_onleave":false,"tech_stack":[],"project":[],"id":"179"},{"createdAt":1648601995,"employee_firstname":"employee_firstname 180","employee_lastname":"employee_lastname 180","employee_phonenumbe":"985-998-4702","ademployee_emaildress":"ademployee_emaildress 180","citemployee_addressy":"citemployee_addressy 180","stateemployee_dev_level":"stateemployee_dev_level 180","employee_gender":"employee_gender 180","employee_hire_date":"2019-04-16T19:47:12.138Z","employee_onleave":false,"tech_stack":[],"project":[],"id":"180"},{"createdAt":1648602098,"employee_firstname":"employee_firstname 181","employee_lastname":"employee_lastname 181","employee_phonenumbe":"205-397-2252","ademployee_emaildress":"ademployee_emaildress 181","citemployee_addressy":"citemployee_addressy 181","stateemployee_dev_level":"stateemployee_dev_level 181","employee_gender":"employee_gender 181","employee_hire_date":"2017-07-27T07:44:52.132Z","employee_onleave":false,"tech_stack":[],"project":[],"id":"181"},{"createdAt":1648602133,"employee_firstname":"employee_firstname 182","employee_lastname":"employee_lastname 182","employee_phonenumbe":"645-539-7966","ademployee_emaildress":"ademployee_emaildress 182","citemployee_addressy":"citemployee_addressy 182","stateemployee_dev_level":"stateemployee_dev_level 182","employee_gender":"employee_gender 182","employee_hire_date":"2006-11-04T06:15:03.275Z","employee_onleave":false,"tech_stack":[],"project":[],"id":"182"},{"createdAt":1648602073,"employee_firstname":"employee_firstname 183","employee_lastname":"employee_lastname 183","employee_phonenumbe":"807-476-3687","ademployee_emaildress":"ademployee_emaildress 183","citemployee_addressy":"citemployee_addressy 183","stateemployee_dev_level":"stateemployee_dev_level 183","employee_gender":"employee_gender 183","employee_hire_date":"1990-05-28T22:39:03.767Z","employee_onleave":false,"tech_stack":[],"project":[],"id":"183"},{"createdAt":1648602014,"employee_firstname":"employee_firstname 184","employee_lastname":"employee_lastname 184","employee_phonenumbe":"418-789-2880","ademployee_emaildress":"ademployee_emaildress 184","citemployee_addressy":"citemployee_addressy 184","stateemployee_dev_level":"stateemployee_dev_level 184","employee_gender":"employee_gender 184","employee_hire_date":"2028-02-03T07:46:22.702Z","employee_onleave":false,"tech_stack":[],"project":[],"id":"184"},{"createdAt":1648602083,"employee_firstname":"employee_firstname 185","employee_lastname":"employee_lastname 185","employee_phonenumbe":"918-953-2840","ademployee_emaildress":"ademployee_emaildress 185","citemployee_addressy":"citemployee_addressy 185","stateemployee_dev_level":"stateemployee_dev_level 185","employee_gender":"employee_gender 185","employee_hire_date":"2032-10-29T11:52:04.356Z","employee_onleave":false,"tech_stack":[],"project":[],"id":"185"},{"createdAt":1648602024,"employee_firstname":"employee_firstname 186","employee_lastname":"employee_lastname 186","employee_phonenumbe":"497-501-0281","ademployee_emaildress":"ademployee_emaildress 186","citemployee_addressy":"citemployee_addressy 186","stateemployee_dev_level":"stateemployee_dev_level 186","employee_gender":"employee_gender 186","employee_hire_date":"2044-01-19T05:46:56.954Z","employee_onleave":false,"tech_stack":[],"project":[],"id":"186"},{"createdAt":1648601965,"employee_firstname":"employee_firstname 187","employee_lastname":"employee_lastname 187","employee_phonenumbe":"272-745-6183","ademployee_emaildress":"ademployee_emaildress 187","citemployee_addressy":"citemployee_addressy 187","stateemployee_dev_level":"stateemployee_dev_level 187","employee_gender":"employee_gender 187","employee_hire_date":"2002-01-29T07:14:32.816Z","employee_onleave":false,"tech_stack":[],"project":[],"id":"187"},{"createdAt":1648627367,"employee_firstname":"employee_firstname 188","employee_lastname":"employee_lastname 188","employee_phonenumbe":"709-367-6548","ademployee_emaildress":"ademployee_emaildress 188","citemployee_addressy":"citemployee_addressy 188","stateemployee_dev_level":"stateemployee_dev_level 188","employee_gender":"employee_gender 188","employee_hire_date":"2078-07-19T05:14:55.523Z","employee_onleave":false,"tech_stack":[],"project":[],"id":"188"},{"createdAt":1648627443,"employee_firstname":"employee_firstname 189","employee_lastname":"employee_lastname 189","employee_phonenumbe":"395-223-8025","ademployee_emaildress":"ademployee_emaildress 189","citemployee_addressy":"citemployee_addressy 189","stateemployee_dev_level":"stateemployee_dev_level 189","employee_gender":"employee_gender 189","employee_hire_date":"2034-11-13T16:31:10.060Z","employee_onleave":false,"tech_stack":[],"project":[],"id":"189"},{"createdAt":1648627614,"employee_firstname":"employee_firstname 190","employee_lastname":"employee_lastname 190","employee_phonenumbe":"549-883-7884","ademployee_emaildress":"ademployee_emaildress 190","citemployee_addressy":"citemployee_addressy 190","stateemployee_dev_level":"stateemployee_dev_level 190","employee_gender":"employee_gender 190","employee_hire_date":"2010-05-13T05:53:07.743Z","employee_onleave":false,"tech_stack":[],"project":[],"id":"190"},{"createdAt":1648627935,"employee_firstname":"employee_firstname 191","employee_lastname":"employee_lastname 191","employee_phonenumbe":"335-504-7158","ademployee_emaildress":"ademployee_emaildress 191","citemployee_addressy":"citemployee_addressy 191","stateemployee_dev_level":"stateemployee_dev_level 191","employee_gender":"employee_gender 191","employee_hire_date":"1991-09-10T20:41:11.318Z","employee_onleave":false,"tech_stack":[],"project":[],"id":"191"},{"createdAt":1648628004,"employee_firstname":"employee_firstname 192","employee_lastname":"employee_lastname 192","employee_phonenumbe":"410-481-5816","ademployee_emaildress":"ademployee_emaildress 192","citemployee_addressy":"citemployee_addressy 192","stateemployee_dev_level":"stateemployee_dev_level 192","employee_gender":"employee_gender 192","employee_hire_date":"2086-07-08T11:56:56.695Z","employee_onleave":false,"tech_stack":[],"project":[],"id":"192"},{"createdAt":1648628011,"employee_firstname":"employee_firstname 193","employee_lastname":"employee_lastname 193","employee_phonenumbe":"879-971-0336","ademployee_emaildress":"ademployee_emaildress 193","citemployee_addressy":"citemployee_addressy 193","stateemployee_dev_level":"stateemployee_dev_level 193","employee_gender":"employee_gender 193","employee_hire_date":"2075-07-04T13:48:49.646Z","employee_onleave":false,"tech_stack":[],"project":[],"id":"193"},{"createdAt":1648628035,"employee_firstname":"employee_firstname 194","employee_lastname":"employee_lastname 194","employee_phonenumbe":"425-797-1190","ademployee_emaildress":"ademployee_emaildress 194","citemployee_addressy":"citemployee_addressy 194","stateemployee_dev_level":"stateemployee_dev_level 194","employee_gender":"employee_gender 194","employee_hire_date":"1996-06-23T11:10:41.103Z","employee_onleave":false,"tech_stack":[],"project":[],"id":"194"},{"createdAt":1648628059,"employee_firstname":"employee_firstname 195","employee_lastname":"employee_lastname 195","employee_phonenumbe":"389-456-7973","ademployee_emaildress":"ademployee_emaildress 195","citemployee_addressy":"citemployee_addressy 195","stateemployee_dev_level":"stateemployee_dev_level 195","employee_gender":"employee_gender 195","employee_hire_date":"2057-08-06T21:17:14.695Z","employee_onleave":false,"tech_stack":[],"project":[],"id":"195"},{"createdAt":1648628040,"employee_firstname":"employee_firstname 196","employee_lastname":"employee_lastname 196","employee_phonenumbe":"497-864-2738","ademployee_emaildress":"ademployee_emaildress 196","citemployee_addressy":"citemployee_addressy 196","stateemployee_dev_level":"stateemployee_dev_level 196","employee_gender":"employee_gender 196","employee_hire_date":"2013-09-30T09:26:34.771Z","employee_onleave":false,"tech_stack":[],"project":[],"id":"196"},{"createdAt":1648628173,"employee_firstname":"employee_firstname 197","employee_lastname":"employee_lastname 197","employee_phonenumbe":"549-493-1293","ademployee_emaildress":"ademployee_emaildress 197","citemployee_addressy":"citemployee_addressy 197","stateemployee_dev_level":"stateemployee_dev_level 197","employee_gender":"employee_gender 197","employee_hire_date":"2074-01-01T07:44:44.900Z","employee_onleave":false,"tech_stack":[],"project":[],"id":"197"},{"createdAt":1648628214,"employee_firstname":"employee_firstname 198","employee_lastname":"employee_lastname 198","employee_phonenumbe":"210-873-9345","ademployee_emaildress":"ademployee_emaildress 198","citemployee_addressy":"citemployee_addressy 198","stateemployee_dev_level":"stateemployee_dev_level 198","employee_gender":"employee_gender 198","employee_hire_date":"2047-09-21T03:35:58.597Z","employee_onleave":false,"tech_stack":[],"project":[],"id":"198"},{"createdAt":1648628229,"employee_firstname":"employee_firstname 199","employee_lastname":"employee_lastname 199","employee_phonenumbe":"538-376-7629","ademployee_emaildress":"ademployee_emaildress 199","citemployee_addressy":"citemployee_addressy 199","stateemployee_dev_level":"stateemployee_dev_level 199","employee_gender":"employee_gender 199","employee_hire_date":"2084-05-06T20:41:09.022Z","employee_onleave":false,"tech_stack":[],"project":[],"id":"199"},{"createdAt":1648628545,"employee_firstname":"employee_firstname 200","employee_lastname":"employee_lastname 200","employee_phonenumbe":"907-338-2785","ademployee_emaildress":"ademployee_emaildress 200","citemployee_addressy":"citemployee_addressy 200","stateemployee_dev_level":"stateemployee_dev_level 200","employee_gender":"employee_gender 200","employee_hire_date":"2064-11-25T06:44:45.389Z","employee_onleave":false,"tech_stack":[],"project":[],"id":"200"},{"createdAt":1648628503,"employee_firstname":"employee_firstname 201","employee_lastname":"employee_lastname 201","employee_phonenumbe":"739-529-8276","ademployee_emaildress":"ademployee_emaildress 201","citemployee_addressy":"citemployee_addressy 201","stateemployee_dev_level":"stateemployee_dev_level 201","employee_gender":"employee_gender 201","employee_hire_date":"2082-08-03T15:19:15.916Z","employee_onleave":false,"tech_stack":[],"project":[],"id":"201"},{"createdAt":1648628569,"employee_firstname":"employee_firstname 202","employee_lastname":"employee_lastname 202","employee_phonenumbe":"706-226-7625","ademployee_emaildress":"ademployee_emaildress 202","citemployee_addressy":"citemployee_addressy 202","stateemployee_dev_level":"stateemployee_dev_level 202","employee_gender":"employee_gender 202","employee_hire_date":"2057-10-22T17:11:30.640Z","employee_onleave":false,"tech_stack":[],"project":[],"id":"202"},{"createdAt":1648628613,"employee_firstname":"employee_firstname 203","employee_lastname":"employee_lastname 203","employee_phonenumbe":"299-487-5755","ademployee_emaildress":"ademployee_emaildress 203","citemployee_addressy":"citemployee_addressy 203","stateemployee_dev_level":"stateemployee_dev_level 203","employee_gender":"employee_gender 203","employee_hire_date":"2069-01-05T03:53:32.248Z","employee_onleave":false,"tech_stack":[],"project":[],"id":"203"},{"createdAt":1648629312,"employee_firstname":"employee_firstname 204","employee_lastname":"employee_lastname 204","employee_phonenumbe":"397-209-7947","ademployee_emaildress":"ademployee_emaildress 204","citemployee_addressy":"citemployee_addressy 204","stateemployee_dev_level":"stateemployee_dev_level 204","employee_gender":"employee_gender 204","employee_hire_date":"2006-08-29T10:51:45.944Z","employee_onleave":false,"tech_stack":[],"project":[],"id":"204"},{"createdAt":1648629705,"employee_firstname":"employee_firstname 205","employee_lastname":"employee_lastname 205","employee_phonenumbe":"527-239-8939","ademployee_emaildress":"ademployee_emaildress 205","citemployee_addressy":"citemployee_addressy 205","stateemployee_dev_level":"stateemployee_dev_level 205","employee_gender":"employee_gender 205","employee_hire_date":"2087-08-19T16:35:15.929Z","employee_onleave":false,"tech_stack":[],"project":[],"id":"205"},{"createdAt":1649177676,"employee_firstname":"employee_firstname 206","employee_lastname":"employee_lastname 206","employee_phonenumbe":"344-564-0947","ademployee_emaildress":"ademployee_emaildress 206","citemployee_addressy":"citemployee_addressy 206","stateemployee_dev_level":"stateemployee_dev_level 206","employee_gender":"employee_gender 206","employee_hire_date":"2003-12-19T23:45:41.303Z","employee_onleave":false,"tech_stack":[],"project":[],"id":"206"},{"createdAt":1649177617,"employee_firstname":"employee_firstname 207","employee_lastname":"employee_lastname 207","employee_phonenumbe":"293-998-2163","ademployee_emaildress":"ademployee_emaildress 207","citemployee_addressy":"citemployee_addressy 207","stateemployee_dev_level":"stateemployee_dev_level 207","employee_gender":"employee_gender 207","employee_hire_date":"2057-03-22T00:56:03.067Z","employee_onleave":false,"tech_stack":[],"project":[],"id":"207"},{"createdAt":1649177557,"employee_firstname":"employee_firstname 208","employee_lastname":"employee_lastname 208","employee_phonenumbe":"398-239-7979","ademployee_emaildress":"ademployee_emaildress 208","citemployee_addressy":"citemployee_addressy 208","stateemployee_dev_level":"stateemployee_dev_level 208","employee_gender":"employee_gender 208","employee_hire_date":"2084-06-22T14:50:38.709Z","employee_onleave":false,"tech_stack":[],"project":[],"id":"208"},{"createdAt":1631825833,"employee_firstname":"TestData12345","employee_lastname":"TestData12345","employee_phonenumbe":"264-783-9453","ademployee_emaildress":"ademployee_emaildress 1","citemployee_addressy":"citemployee_addressy 1","stateemployee_dev_level":"stateemployee_dev_level 1","employee_gender":"employee_gender 1","employee_hire_date":"2025-10-31T16:35:45.426Z","employee_onleave":true,"tech_stack":[],"project":[],"id":"209"},{"createdAt":1631825833,"employee_firstname":"TestData12345","employee_lastname":"TestData12345","employee_phonenumbe":"264-783-9453","ademployee_emaildress":"ademployee_emaildress 1","citemployee_addressy":"citemployee_addressy 1","stateemployee_dev_level":"stateemployee_dev_level 1","employee_gender":"employee_gender 1","employee_hire_date":"2025-10-31T16:35:45.426Z","employee_onleave":true,"tech_stack":[],"project":[],"id":"210"},{"createdAt":1631825833,"employee_firstname":"TestData12345","employee_lastname":"TestData12345","employee_phonenumbe":"264-783-9453","ademployee_emaildress":"ademployee_emaildress 1","citemployee_addressy":"citemployee_addressy 1","stateemployee_dev_level":"stateemployee_dev_level 1","employee_gender":"employee_gender 1","employee_hire_date":"2025-10-31T16:35:45.426Z","employee_onleave":true,"tech_stack":[],"project":[],"id":"211"},{"createdAt":1631825833,"employee_firstname":"TestData12345","employee_lastname":"TestData12345","employee_phonenumbe":"264-783-9453","ademployee_emaildress":"ademployee_emaildress 1","citemployee_addressy":"citemployee_addressy 1","stateemployee_dev_level":"stateemployee_dev_level 1","employee_gender":"employee_gender 1","employee_hire_date":"2025-10-31T16:35:45.426Z","employee_onleave":true,"tech_stack":[],"project":[],"id":"212"},{"createdAt":"TestData12345","employee_firstname":"employee_firstname 213","employee_lastname":"TestData12345","employee_phonenumbe":"264-783-9453","ademployee_emaildress":"ademployee_emaildress 1","citemployee_addressy":"citemployee_addressy 1","stateemployee_dev_level":"stateemployee_dev_level 1","employee_gender":"employee_gender 1","employee_hire_date":"2025-10-31T16:35:45.426Z","employee_onleave":true,"tech_stack":"[]","project":"[]","id":"213"},{"createdAt":1631825833,"employee_firstname":"TestData12345","employee_lastname":"TestData12345","employee_phonenumbe":"264-783-9453","ademployee_emaildress":"ademployee_emaildress 1","citemployee_addressy":"citemployee_addressy 1","stateemployee_dev_level":"stateemployee_dev_level 1","employee_gender":"employee_gender 1","employee_hire_date":"2025-10-31T16:35:45.426Z","employee_onleave":true,"tech_stack":[],"project":[],"id":"214"},{"createdAt":1631825833,"employee_firstname":"TestData12345","employee_lastname":"TestData12345","employee_phonenumbe":"264-783-9453","ademployee_emaildress":"ademployee_emaildress 1","citemployee_addressy":"citemployee_addressy 1","stateemployee_dev_level":"stateemployee_dev_level 1","employee_gender":"employee_gender 1","employee_hire_date":"2025-10-31T16:35:45.426Z","employee_onleave":true,"tech_stack":[],"project":[],"id":"215"},{"createdAt":1654786420,"employee_firstname":"employee_firstname 216","employee_lastname":"employee_lastname 216","employee_phonenumbe":"569-922-8979","ademployee_emaildress":"ademployee_emaildress 216","citemployee_addressy":"citemployee_addressy 216","stateemployee_dev_level":"stateemployee_dev_level 216","employee_gender":"employee_gender 216","employee_hire_date":"2013-07-25T05:51:23.764Z","employee_onleave":false,"tech_stack":[],"project":[],"id":"216"},{"createdAt":1631825833,"employee_firstname":"TestData12345","employee_lastname":"TestData12345","employee_phonenumbe":"264-783-9453","ademployee_emaildress":"ademployee_emaildress 1","citemployee_addressy":"citemployee_addressy 1","stateemployee_dev_level":"stateemployee_dev_level 1","employee_gender":"employee_gender 1","employee_hire_date":"2025-10-31T16:35:45.426Z","employee_onleave":true,"tech_stack":[],"project":[],"id":"217"},{"createdAt":1631825833,"employee_firstname":"TestData12345","employee_lastname":"TestData12345","employee_phonenumbe":"264-783-9453","ademployee_emaildress":"ademployee_emaildress 1","citemployee_addressy":"citemployee_addressy 1","stateemployee_dev_level":"stateemployee_dev_level 1","employee_gender":"employee_gender 1","employee_hire_date":"2025-10-31T16:35:45.426Z","employee_onleave":true,"tech_stack":[],"project":[],"id":"218"},{"createdAt":1631825833,"employee_firstname":"TestData12345","employee_lastname":"TestData12345","employee_phonenumbe":"264-783-9453","ademployee_emaildress":"ademployee_emaildress 1","citemployee_addressy":"citemployee_addressy 1","stateemployee_dev_level":"stateemployee_dev_level 1","employee_gender":"employee_gender 1","employee_hire_date":"2025-10-31T16:35:45.426Z","employee_onleave":true,"tech_stack":[],"project":[],"id":"219"},{"createdAt":1631825833,"employee_firstname":"TestData12345","employee_lastname":"TestData12345","employee_phonenumbe":"264-783-9453","ademployee_emaildress":"ademployee_emaildress 1","citemployee_addressy":"citemployee_addressy 1","stateemployee_dev_level":"stateemployee_dev_level 1","employee_gender":"employee_gender 1","employee_hire_date":"2025-10-31T16:35:45.426Z","employee_onleave":true,"tech_stack":[],"project":[],"id":"220"},{"createdAt":1631825833,"employee_firstname":"TestData12345","employee_lastname":"TestData12345","employee_phonenumbe":"264-783-9453","ademployee_emaildress":"ademployee_emaildress 1","citemployee_addressy":"citemployee_addressy 1","stateemployee_dev_level":"stateemployee_dev_level 1","employee_gender":"employee_gender 1","employee_hire_date":"2025-10-31T16:35:45.426Z","employee_onleave":true,"tech_stack":[],"project":[],"id":"221"},{"createdAt":1631825833,"employee_firstname":"TestData12345","employee_lastname":"TestData12345","employee_phonenumbe":"264-783-9453","ademployee_emaildress":"ademployee_emaildress 1","citemployee_addressy":"citemployee_addressy 1","stateemployee_dev_level":"stateemployee_dev_level 1","employee_gender":"employee_gender 1","employee_hire_date":"2025-10-31T16:35:45.426Z","employee_onleave":true,"tech_stack":[],"project":[],"id":"222"},{"createdAt":1631825833,"employee_firstname":"TestData12345","employee_lastname":"TestData12345","employee_phonenumbe":"264-783-9453","ademployee_emaildress":"ademployee_emaildress 1","citemployee_addressy":"citemployee_addressy 1","stateemployee_dev_level":"stateemployee_dev_level 1","employee_gender":"employee_gender 1","employee_hire_date":"2025-10-31T16:35:45.426Z","employee_onleave":true,"tech_stack":[],"project":[],"id":"223"},{"createdAt":1631824813,"employee_firstname":"employee_firstname 18","employee_lastname":"employee_lastname 18","employee_phonenumbe":"940-588-5938","ademployee_emaildress":"ademployee_emaildress 18","citemployee_addressy":"citemployee_addressy 18","stateemployee_dev_level":"stateemployee_dev_level 18","employee_gender":"employee_gender 18","employee_hire_date":"2033-02-05T21:36:16.575Z","employee_onleave":false,"tech_stack":[],"project":[],"id":"224"},{"createdAt":1631824813,"employee_firstname":"employee_firstname 225","employee_lastname":"employee_lastname 225","employee_phonenumbe":"570-950-6721","ademployee_emaildress":"ademployee_emaildress 225","citemployee_addressy":"citemployee_addressy 225","stateemployee_dev_level":"stateemployee_dev_level 225","employee_gender":"employee_gender 225","employee_hire_date":"2040-10-05T06:16:53.099Z","employee_onleave":false,"tech_stack":[],"project":[],"id":"225","employeeFirstname":"hassan 1","employeeLastname":"hassan 2","employeePhonenumbe":"940-588-5938","ademployeeEmaildress":"hassan@gmail.com","citemployeeAddressy":"citemployee_addressy 1","stateemployeeDevLevel":"stateemployee_dev_level 1","employeeGender":"employee_gender 1","employeeHireDate":"2033-02-05T21:36:16.575Z","employeeOnleave":false,"techStack":[],"additionalProperties":{}},{"createdAt":1631824813,"employee_firstname":"employee_firstname 226","employee_lastname":"employee_lastname 226","employee_phonenumbe":"770-478-0166","ademployee_emaildress":"ademployee_emaildress 226","citemployee_addressy":"citemployee_addressy 226","stateemployee_dev_level":"stateemployee_dev_level 226","employee_gender":"employee_gender 226","employee_hire_date":"2006-05-14T06:36:25.468Z","employee_onleave":false,"tech_stack":[],"project":[],"id":"226","employeeFirstname":"hassan 1","employeeLastname":"hassan 2","employeePhonenumbe":"940-588-5938","ademployeeEmaildress":"hassan@gmail.com","citemployeeAddressy":"citemployee_addressy 1","stateemployeeDevLevel":"stateemployee_dev_level 1","employeeGender":"employee_gender 1","employeeHireDate":"2033-02-05T21:36:16.575Z","employeeOnleave":false,"techStack":[],"additionalProperties":{}},{"createdAt":1631824813,"employee_firstname":"hassan 1","employee_lastname":"hassan 2","employee_phonenumbe":"940-588-5938","ademployee_emaildress":"hassan@gmail.com","citemployee_addressy":"citemployee_addressy 1","stateemployee_dev_level":"stateemployee_dev_level 1","employee_gender":"employee_gender 1","employee_hire_date":"2033-02-05T21:36:16.575Z","employee_onleave":false,"tech_stack":[],"project":[],"id":"227"},{"createdAt":1631824813,"employee_firstname":"employee_firstname 228","employee_lastname":"employee_lastname 228","employee_phonenumbe":"702-383-9802","ademployee_emaildress":"ademployee_emaildress 228","citemployee_addressy":"citemployee_addressy 228","stateemployee_dev_level":"stateemployee_dev_level 228","employee_gender":"employee_gender 228","employee_hire_date":"2076-07-13T21:10:40.126Z","employee_onleave":false,"tech_stack":[],"project":[],"id":"228","employeeFirstname":"hassan 1","employeeLastname":"hassan 2","employeePhonenumbe":"940-588-5938","ademployeeEmaildress":"hassan@gmail.com","citemployeeAddressy":"citemployee_addressy 1","stateemployeeDevLevel":"stateemployee_dev_level 1","employeeGender":"employee_gender 1","employeeHireDate":"2033-02-05T21:36:16.575Z","employeeOnleave":false,"techStack":[],"additionalProperties":{}},{"createdAt":1660815170,"employee_firstname":"employee_firstname 239","employee_lastname":"employee_lastname 239","employee_phonenumbe":"899-827-4290","ademployee_emaildress":"ademployee_emaildress 239","citemployee_addressy":"citemployee_addressy 239","stateemployee_dev_level":"stateemployee_dev_level 239","employee_gender":"employee_gender 239","employee_hire_date":"2096-03-21T20:07:07.331Z","employee_onleave":false,"tech_stack":[],"project":[],"id":"239"},{"createdAt":1660817070,"employee_firstname":"employee_firstname 249","employee_lastname":"employee_lastname 249","employee_phonenumbe":"740-773-5991","ademployee_emaildress":"ademployee_emaildress 249","citemployee_addressy":"citemployee_addressy 249","stateemployee_dev_level":"stateemployee_dev_level 249","employee_gender":"employee_gender 249","employee_hire_date":"2066-10-14T12:14:42.220Z","employee_onleave":false,"tech_stack":[],"project":[],"id":"249"},{"createdAt":1631825833,"employee_firstname":"TestData12345","employee_lastname":"TestData12345","employee_phonenumbe":"264-783-9453","ademployee_emaildress":"ademployee_emaildress 250","citemployee_addressy":"citemployee_addressy 1","stateemployee_dev_level":"stateemployee_dev_level 1","employee_gender":"employee_gender 1","employee_hire_date":"2025-10-31T16:35:45.426Z","employee_onleave":true,"tech_stack":[],"project":[],"id":"250","employee_emaildress":"employee_emaildress 1"},{"createdAt":1660817120,"employee_firstname":"employee_firstname 251","employee_lastname":"employee_lastname 251","employee_phonenumbe":"309-846-8883","ademployee_emaildress":"ademployee_emaildress 251","citemployee_addressy":"citemployee_addressy 251","stateemployee_dev_level":"stateemployee_dev_level 251","employee_gender":"employee_gender 251","employee_hire_date":"2082-11-28T10:38:49.345Z","employee_onleave":false,"tech_stack":[],"project":[],"id":"251"},{"createdAt":1660817163,"employee_firstname":"employee_firstname 252","employee_lastname":"employee_lastname 252","employee_phonenumbe":"877-257-8073","ademployee_emaildress":"ademployee_emaildress 252","citemployee_addressy":"citemployee_addressy 252","stateemployee_dev_level":"stateemployee_dev_level 252","employee_gender":"employee_gender 252","employee_hire_date":"2032-07-27T16:02:44.626Z","employee_onleave":false,"tech_stack":[],"project":[],"id":"252"},{"createdAt":1660817564,"employee_firstname":"employee_firstname 253","employee_lastname":"employee_lastname 253","employee_phonenumbe":"855-580-8630","ademployee_emaildress":"ademployee_emaildress 253","citemployee_addressy":"citemployee_addressy 253","stateemployee_dev_level":"stateemployee_dev_level 253","employee_gender":"employee_gender 253","employee_hire_date":"2055-02-21T07:40:25.968Z","employee_onleave":false,"tech_stack":[],"project":[],"id":"253"},{"createdAt":1660817798,"employee_firstname":"employee_firstname 254","employee_lastname":"employee_lastname 254","employee_phonenumbe":"728-640-2695","ademployee_emaildress":"ademployee_emaildress 254","citemployee_addressy":"citemployee_addressy 254","stateemployee_dev_level":"stateemployee_dev_level 254","employee_gender":"employee_gender 254","employee_hire_date":"2005-10-24T16:09:59.017Z","employee_onleave":false,"tech_stack":[],"project":[],"id":"254"},{"createdAt":1660817985,"employee_firstname":"employee_firstname 255","employee_lastname":"employee_lastname 255","employee_phonenumbe":"343-387-0071","ademployee_emaildress":"ademployee_emaildress 255","citemployee_addressy":"citemployee_addressy 255","stateemployee_dev_level":"stateemployee_dev_level 255","employee_gender":"employee_gender 255","employee_hire_date":"2094-08-16T18:23:41.338Z","employee_onleave":false,"tech_stack":[],"project":[],"id":"255"},{"createdAt":1660818361,"employee_firstname":"employee_firstname 256","employee_lastname":"employee_lastname 256","employee_phonenumbe":"646-929-9404","ademployee_emaildress":"ademployee_emaildress 256","citemployee_addressy":"citemployee_addressy 256","stateemployee_dev_level":"stateemployee_dev_level 256","employee_gender":"employee_gender 256","employee_hire_date":"2017-02-25T13:44:10.078Z","employee_onleave":false,"tech_stack":[],"project":[],"id":"256"},{"createdAt":1660818760,"employee_firstname":"employee_firstname 257","employee_lastname":"employee_lastname 257","employee_phonenumbe":"780-758-8463","ademployee_emaildress":"ademployee_emaildress 257","citemployee_addressy":"citemployee_addressy 257","stateemployee_dev_level":"stateemployee_dev_level 257","employee_gender":"employee_gender 257","employee_hire_date":"2034-10-20T06:19:33.373Z","employee_onleave":false,"tech_stack":[],"project":[],"id":"257"},{"createdAt":1631825833,"employee_firstname":"TestData12345","employee_lastname":"TestData12345","employee_phonenumbe":"264-783-9453","ademployee_emaildress":"ademployee_emaildress 1","citemployee_addressy":"citemployee_addressy 1","stateemployee_dev_level":"stateemployee_dev_level 1","employee_gender":"employee_gender 1","employee_hire_date":"2025-10-31T16:35:45.426Z","employee_onleave":true,"tech_stack":[],"project":[],"id":"258"},{"createdAt":1631825833,"employee_firstname":"TestData12345","employee_lastname":"TestData12345","employee_phonenumbe":"264-783-9453","ademployee_emaildress":"ademployee_emaildress 1","citemployee_addressy":"citemployee_addressy 1","stateemployee_dev_level":"stateemployee_dev_level 1","employee_gender":"employee_gender 1","employee_hire_date":"2025-10-31T16:35:45.426Z","employee_onleave":true,"tech_stack":[],"project":[],"id":"259"},{"createdAt":1631825833,"employee_firstname":"TestData12345","employee_lastname":"TestData12345","employee_phonenumbe":"264-783-9453","ademployee_emaildress":"ademployee_emaildress 1","citemployee_addressy":"citemployee_addressy 1","stateemployee_dev_level":"stateemployee_dev_level 1","employee_gender":"employee_gender 1","employee_hire_date":"2025-10-31T16:35:45.426Z","employee_onleave":true,"tech_stack":[],"project":[],"id":"260"},{"createdAt":1631825833,"employee_firstname":"TestData12345","employee_lastname":"TestData12345","employee_phonenumbe":"264-783-9453","ademployee_emaildress":"ademployee_emaildress 1","citemployee_addressy":"citemployee_addressy 1","stateemployee_dev_level":"stateemployee_dev_level 1","employee_gender":"employee_gender 1","employee_hire_date":"2025-10-31T16:35:45.426Z","employee_onleave":true,"tech_stack":[],"project":[],"id":"261"},{"createdAt":1660821732,"employee_firstname":"employee_firstname 262","employee_lastname":"employee_lastname 262","employee_phonenumbe":"602-909-6312","ademployee_emaildress":"ademployee_emaildress 262","citemployee_addressy":"citemployee_addressy 262","stateemployee_dev_level":"stateemployee_dev_level 262","employee_gender":"employee_gender 262","employee_hire_date":"2006-12-22T06:46:13.731Z","employee_onleave":false,"tech_stack":[],"project":[],"id":"262"},{"createdAt":"1631825833","employee_firstname":"TestData12345","employee_lastname":"TestData12345","employee_phonenumbe":"699-786-4815","ademployee_emaildress":"ademployee_emaildress 263","citemployee_addressy":"citemployee_addressy 1","stateemployee_dev_level":"stateemployee_dev_level 1","employee_gender":"employee_gender 1","employee_hire_date":"2025-10-31T16:35:45.426Z","employee_onleave":"true","tech_stack":[],"project":[],"id":"263","employee_emaildress":"employee_emaildress 1"},{"createdAt":1660821756,"employee_firstname":"employee_firstname 264","employee_lastname":"employee_lastname 264","employee_phonenumbe":"591-610-7964","ademployee_emaildress":"ademployee_emaildress 264","citemployee_addressy":"citemployee_addressy 264","stateemployee_dev_level":"stateemployee_dev_level 264","employee_gender":"employee_gender 264","employee_hire_date":"2054-01-16T12:50:13.552Z","employee_onleave":false,"tech_stack":[],"project":[],"id":"264"},{"createdAt":1631825833,"employee_firstname":"TestData12345","employee_lastname":"TestData12345","employee_phonenumbe":"264-783-9453","ademployee_emaildress":"ademployee_emaildress 1","citemployee_addressy":"citemployee_addressy 1","stateemployee_dev_level":"stateemployee_dev_level 1","employee_gender":"employee_gender 1","employee_hire_date":"2025-10-31T16:35:45.426Z","employee_onleave":true,"tech_stack":[],"project":[],"id":"265"}]
GET stcode 200
HTTP/1.1 200 OK
Server: Cowboy
Connection: keep-alive
X-Powered-By: Express
Access-Control-Allow-Origin: *
Access-Control-Allow-Methods: GET,PUT,POST,DELETE,OPTIONS
Access-Control-Allow-Headers: X-Requested-With,Content-Type,Cache-Control,access_token
Content-Type: application/json
Etag: "545433875"
Vary: Accept-Encoding
Content-Encoding: deflate
Date: Thu, 18 Aug 2022 15:49:25 GMT
Transfer-Encoding: chunked
Via: 1.1 vegur

[
    {
        "createdAt": 1631825833,
        "employee_firstname": "TestData12345",
        "employee_lastname": "TestData12345",
        "employee_phonenumbe": "264-783-9453",
        "ademployee_emaildress": "ademployee_emaildress 1",
        "citemployee_addressy": "citemployee_addressy 1",
        "stateemployee_dev_level": "stateemployee_dev_level 1",
        "employee_gender": "employee_gender 1",
        "employee_hire_date": "2025-10-31T16:35:45.426Z",
        "employee_onleave": true,
        "tech_stack": [
            
        ],
        "project": [
            
        ],
        "id": "53"
    },
    {
        "createdAt": 1631825833,
        "employee_firstname": "TestData12345",
        "employee_lastname": "TestData12345",
        "employee_phonenumbe": "264-783-9453",
        "ademployee_emaildress": "ademployee_emaildress 1",
        "citemployee_addressy": "citemployee_addressy 1",
        "stateemployee_dev_level": "stateemployee_dev_level 1",
        "employee_gender": "employee_gender 1",
        "employee_hire_date": "2025-10-31T16:35:45.426Z",
        "employee_onleave": true,
        "tech_stack": [
            
        ],
        "project": [
            
        ],
        "id": "57"
    },
    {
        "createdAt": 1631825833,
        "employee_firstname": "TestData12345",
        "employee_lastname": "TestData12345",
        "employee_phonenumbe": "264-783-9453",
        "ademployee_emaildress": "ademployee_emaildress 1",
        "citemployee_addressy": "citemployee_addressy 1",
        "stateemployee_dev_level": "stateemployee_dev_level 1",
        "employee_gender": "employee_gender 1",
        "employee_hire_date": "2025-10-31T16:35:45.426Z",
        "employee_onleave": true,
        "tech_stack": [
            
        ],
        "project": [
            
        ],
        "id": "59"
    },
    {
        "createdAt": 1631825833,
        "employee_firstname": "TestData12345",
        "employee_lastname": "TestData12345",
        "employee_phonenumbe": "264-783-9453",
        "ademployee_emaildress": "ademployee_emaildress 1",
        "citemployee_addressy": "citemployee_addressy 1",
        "stateemployee_dev_level": "stateemployee_dev_level 1",
        "employee_gender": "employee_gender 1",
        "employee_hire_date": "2025-10-31T16:35:45.426Z",
        "employee_onleave": true,
        "tech_stack": [
            
        ],
        "project": [
            
        ],
        "id": "60"
    },
    {
        "createdAt": 1648596568,
        "employee_firstname": "employee_firstname 151",
        "employee_lastname": "employee_lastname 151",
        "employee_phonenumbe": "589-846-8924",
        "ademployee_emaildress": "ademployee_emaildress 151",
        "citemployee_addressy": "citemployee_addressy 151",
        "stateemployee_dev_level": "stateemployee_dev_level 151",
        "employee_gender": "employee_gender 151",
        "employee_hire_date": "1994-01-26T10:30:22.230Z",
        "employee_onleave": false,
        "tech_stack": [
            
        ],
        "project": [
            
        ],
        "id": "151"
    },
    {
        "createdAt": 1648596516,
        "employee_firstname": "employee_firstname 152",
        "employee_lastname": "employee_lastname 152",
        "employee_phonenumbe": "235-407-7405",
        "ademployee_emaildress": "ademployee_emaildress 152",
        "citemployee_addressy": "citemployee_addressy 152",
        "stateemployee_dev_level": "stateemployee_dev_level 152",
        "employee_gender": "employee_gender 152",
        "employee_hire_date": "2027-08-16T20:51:03.897Z",
        "employee_onleave": false,
        "tech_stack": [
            
        ],
        "project": [
            
        ],
        "id": "152"
    },
    {
        "createdAt": 1648597442,
        "employee_firstname": "employee_firstname 153",
        "employee_lastname": "employee_lastname 153",
        "employee_phonenumbe": "875-908-7279",
        "ademployee_emaildress": "ademployee_emaildress 153",
        "citemployee_addressy": "citemployee_addressy 153",
        "stateemployee_dev_level": "stateemployee_dev_level 153",
        "employee_gender": "employee_gender 153",
        "employee_hire_date": "2023-07-04T00:24:56.383Z",
        "employee_onleave": false,
        "tech_stack": [
            
        ],
        "project": [
            
        ],
        "id": "153"
    },
    {
        "createdAt": 1648597812,
        "employee_firstname": "employee_firstname 154",
        "employee_lastname": "employee_lastname 154",
        "employee_phonenumbe": "487-548-5895",
        "ademployee_emaildress": "ademployee_emaildress 154",
        "citemployee_addressy": "citemployee_addressy 154",
        "stateemployee_dev_level": "stateemployee_dev_level 154",
        "employee_gender": "employee_gender 154",
        "employee_hire_date": "2005-10-07T10:12:33.987Z",
        "employee_onleave": false,
        "tech_stack": [
            
        ],
        "project": [
            
        ],
        "id": "154"
    },
    {
        "createdAt": 1648597894,
        "employee_firstname": "employee_firstname 155",
        "employee_lastname": "employee_lastname 155",
        "employee_phonenumbe": "574-270-2823",
        "ademployee_emaildress": "ademployee_emaildress 155",
        "citemployee_addressy": "citemployee_addressy 155",
        "stateemployee_dev_level": "stateemployee_dev_level 155",
        "employee_gender": "employee_gender 155",
        "employee_hire_date": "2090-12-19T03:56:22.897Z",
        "employee_onleave": false,
        "tech_stack": [
            
        ],
        "project": [
            
        ],
        "id": "155"
    },
    {
        "createdAt": 1648597887,
        "employee_firstname": "employee_firstname 156",
        "employee_lastname": "employee_lastname 156",
        "employee_phonenumbe": "349-625-0313",
        "ademployee_emaildress": "ademployee_emaildress 156",
        "citemployee_addressy": "citemployee_addressy 156",
        "stateemployee_dev_level": "stateemployee_dev_level 156",
        "employee_gender": "employee_gender 156",
        "employee_hire_date": "2082-12-13T08:25:46.229Z",
        "employee_onleave": false,
        "tech_stack": [
            
        ],
        "project": [
            
        ],
        "id": "156"
    },
    {
        "createdAt": 1648598583,
        "employee_firstname": "employee_firstname 157",
        "employee_lastname": "employee_lastname 157",
        "employee_phonenumbe": "283-281-3204",
        "ademployee_emaildress": "ademployee_emaildress 157",
        "citemployee_addressy": "citemployee_addressy 157",
        "stateemployee_dev_level": "stateemployee_dev_level 157",
        "employee_gender": "employee_gender 157",
        "employee_hire_date": "2039-10-02T20:53:04.834Z",
        "employee_onleave": false,
        "tech_stack": [
            
        ],
        "project": [
            
        ],
        "id": "157"
    },
    {
        "createdAt": 1648598602,
        "employee_firstname": "employee_firstname 158",
        "employee_lastname": "employee_lastname 158",
        "employee_phonenumbe": "384-913-3198",
        "ademployee_emaildress": "ademployee_emaildress 158",
        "citemployee_addressy": "citemployee_addressy 158",
        "stateemployee_dev_level": "stateemployee_dev_level 158",
        "employee_gender": "employee_gender 158",
        "employee_hire_date": "2016-07-13T10:43:39.479Z",
        "employee_onleave": false,
        "tech_stack": [
            
        ],
        "project": [
            
        ],
        "id": "158"
    },
    {
        "createdAt": 1648598578,
        "employee_firstname": "employee_firstname 159",
        "employee_lastname": "employee_lastname 159",
        "employee_phonenumbe": "598-604-5208",
        "ademployee_emaildress": "ademployee_emaildress 159",
        "citemployee_addressy": "citemployee_addressy 159",
        "stateemployee_dev_level": "stateemployee_dev_level 159",
        "employee_gender": "employee_gender 159",
        "employee_hire_date": "2030-02-10T22:55:30.808Z",
        "employee_onleave": false,
        "tech_stack": [
            
        ],
        "project": [
            
        ],
        "id": "159"
    },
    {
        "createdAt": 1648598607,
        "employee_firstname": "employee_firstname 160",
        "employee_lastname": "employee_lastname 160",
        "employee_phonenumbe": "792-286-5290",
        "ademployee_emaildress": "ademployee_emaildress 160",
        "citemployee_addressy": "citemployee_addressy 160",
        "stateemployee_dev_level": "stateemployee_dev_level 160",
        "employee_gender": "employee_gender 160",
        "employee_hire_date": "2024-07-12T20:29:28.569Z",
        "employee_onleave": false,
        "tech_stack": [
            
        ],
        "project": [
            
        ],
        "id": "160"
    },
    {
        "createdAt": 1648599249,
        "employee_firstname": "employee_firstname 161",
        "employee_lastname": "employee_lastname 161",
        "employee_phonenumbe": "744-923-0440",
        "ademployee_emaildress": "ademployee_emaildress 161",
        "citemployee_addressy": "citemployee_addressy 161",
        "stateemployee_dev_level": "stateemployee_dev_level 161",
        "employee_gender": "employee_gender 161",
        "employee_hire_date": "2080-06-23T14:24:04.847Z",
        "employee_onleave": false,
        "tech_stack": [
            
        ],
        "project": [
            
        ],
        "id": "161"
    },
    {
        "createdAt": 1648599492,
        "employee_firstname": "employee_firstname 162",
        "employee_lastname": "employee_lastname 162",
        "employee_phonenumbe": "247-986-4880",
        "ademployee_emaildress": "ademployee_emaildress 162",
        "citemployee_addressy": "citemployee_addressy 162",
        "stateemployee_dev_level": "stateemployee_dev_level 162",
        "employee_gender": "employee_gender 162",
        "employee_hire_date": "1998-10-07T08:17:34.100Z",
        "employee_onleave": false,
        "tech_stack": [
            
        ],
        "project": [
            
        ],
        "id": "162"
    },
    {
        "createdAt": 1648599498,
        "employee_firstname": "employee_firstname 163",
        "employee_lastname": "employee_lastname 163",
        "employee_phonenumbe": "394-958-9482",
        "ademployee_emaildress": "ademployee_emaildress 163",
        "citemployee_addressy": "citemployee_addressy 163",
        "stateemployee_dev_level": "stateemployee_dev_level 163",
        "employee_gender": "employee_gender 163",
        "employee_hire_date": "2090-07-16T23:39:59.378Z",
        "employee_onleave": false,
        "tech_stack": [
            
        ],
        "project": [
            
        ],
        "id": "163"
    },
    {
        "createdAt": 1648599497,
        "employee_firstname": "employee_firstname 164",
        "employee_lastname": "employee_lastname 164",
        "employee_phonenumbe": "205-690-8334",
        "ademployee_emaildress": "ademployee_emaildress 164",
        "citemployee_addressy": "citemployee_addressy 164",
        "stateemployee_dev_level": "stateemployee_dev_level 164",
        "employee_gender": "employee_gender 164",
        "employee_hire_date": "2084-06-25T11:32:14.930Z",
        "employee_onleave": false,
        "tech_stack": [
            
        ],
        "project": [
            
        ],
        "id": "164"
    },
    {
        "createdAt": 1648600736,
        "employee_firstname": "employee_firstname 165",
        "employee_lastname": "employee_lastname 165",
        "employee_phonenumbe": "374-430-9226",
        "ademployee_emaildress": "ademployee_emaildress 165",
        "citemployee_addressy": "citemployee_addressy 165",
        "stateemployee_dev_level": "stateemployee_dev_level 165",
        "employee_gender": "employee_gender 165",
        "employee_hire_date": "2015-03-22T02:29:43.245Z",
        "employee_onleave": false,
        "tech_stack": [
            
        ],
        "project": [
            
        ],
        "id": "165"
    },
    {
        "createdAt": 1648600741,
        "employee_firstname": "employee_firstname 166",
        "employee_lastname": "employee_lastname 166",
        "employee_phonenumbe": "932-918-1342",
        "ademployee_emaildress": "ademployee_emaildress 166",
        "citemployee_addressy": "citemployee_addressy 166",
        "stateemployee_dev_level": "stateemployee_dev_level 166",
        "employee_gender": "employee_gender 166",
        "employee_hire_date": "2080-12-06T14:28:10.414Z",
        "employee_onleave": false,
        "tech_stack": [
            
        ],
        "project": [
            
        ],
        "id": "166"
    },
    {
        "createdAt": 1648600751,
        "employee_firstname": "employee_firstname 167",
        "employee_lastname": "employee_lastname 167",
        "employee_phonenumbe": "658-678-0446",
        "ademployee_emaildress": "ademployee_emaildress 167",
        "citemployee_addressy": "citemployee_addressy 167",
        "stateemployee_dev_level": "stateemployee_dev_level 167",
        "employee_gender": "employee_gender 167",
        "employee_hire_date": "2078-08-29T22:24:20.160Z",
        "employee_onleave": false,
        "tech_stack": [
            
        ],
        "project": [
            
        ],
        "id": "167"
    },
    {
        "createdAt": 1648600740,
        "employee_firstname": "employee_firstname 168",
        "employee_lastname": "employee_lastname 168",
        "employee_phonenumbe": "963-771-5953",
        "ademployee_emaildress": "ademployee_emaildress 168",
        "citemployee_addressy": "citemployee_addressy 168",
        "stateemployee_dev_level": "stateemployee_dev_level 168",
        "employee_gender": "employee_gender 168",
        "employee_hire_date": "2047-01-18T09:23:55.687Z",
        "employee_onleave": false,
        "tech_stack": [
            
        ],
        "project": [
            
        ],
        "id": "168"
    },
    {
        "createdAt": 1648600891,
        "employee_firstname": "employee_firstname 169",
        "employee_lastname": "employee_lastname 169",
        "employee_phonenumbe": "335-707-5749",
        "ademployee_emaildress": "ademployee_emaildress 169",
        "citemployee_addressy": "citemployee_addressy 169",
        "stateemployee_dev_level": "stateemployee_dev_level 169",
        "employee_gender": "employee_gender 169",
        "employee_hire_date": "1998-08-17T19:15:51.876Z",
        "employee_onleave": false,
        "tech_stack": [
            
        ],
        "project": [
            
        ],
        "id": "169"
    },
    {
        "createdAt": 1648600881,
        "employee_firstname": "employee_firstname 170",
        "employee_lastname": "employee_lastname 170",
        "employee_phonenumbe": "584-499-9489",
        "ademployee_emaildress": "ademployee_emaildress 170",
        "citemployee_addressy": "citemployee_addressy 170",
        "stateemployee_dev_level": "stateemployee_dev_level 170",
        "employee_gender": "employee_gender 170",
        "employee_hire_date": "2027-09-13T09:06:19.374Z",
        "employee_onleave": false,
        "tech_stack": [
            
        ],
        "project": [
            
        ],
        "id": "170"
    },
    {
        "createdAt": 1648600867,
        "employee_firstname": "employee_firstname 171",
        "employee_lastname": "employee_lastname 171",
        "employee_phonenumbe": "282-438-2173",
        "ademployee_emaildress": "ademployee_emaildress 171",
        "citemployee_addressy": "citemployee_addressy 171",
        "stateemployee_dev_level": "stateemployee_dev_level 171",
        "employee_gender": "employee_gender 171",
        "employee_hire_date": "2093-05-24T14:52:59.843Z",
        "employee_onleave": false,
        "tech_stack": [
            
        ],
        "project": [
            
        ],
        "id": "171"
    },
    {
        "createdAt": 1648600833,
        "employee_firstname": "employee_firstname 172",
        "employee_lastname": "employee_lastname 172",
        "employee_phonenumbe": "473-507-8950",
        "ademployee_emaildress": "ademployee_emaildress 172",
        "citemployee_addressy": "citemployee_addressy 172",
        "stateemployee_dev_level": "stateemployee_dev_level 172",
        "employee_gender": "employee_gender 172",
        "employee_hire_date": "2082-07-19T00:45:01.826Z",
        "employee_onleave": false,
        "tech_stack": [
            
        ],
        "project": [
            
        ],
        "id": "172"
    },
    {
        "createdAt": 1648600858,
        "employee_firstname": "employee_firstname 173",
        "employee_lastname": "employee_lastname 173",
        "employee_phonenumbe": "772-522-1478",
        "ademployee_emaildress": "ademployee_emaildress 173",
        "citemployee_addressy": "citemployee_addressy 173",
        "stateemployee_dev_level": "stateemployee_dev_level 173",
        "employee_gender": "employee_gender 173",
        "employee_hire_date": "1993-09-01T07:12:01.532Z",
        "employee_onleave": false,
        "tech_stack": [
            
        ],
        "project": [
            
        ],
        "id": "173"
    },
    {
        "createdAt": 1648600852,
        "employee_firstname": "employee_firstname 174",
        "employee_lastname": "employee_lastname 174",
        "employee_phonenumbe": "304-650-3702",
        "ademployee_emaildress": "ademployee_emaildress 174",
        "citemployee_addressy": "citemployee_addressy 174",
        "stateemployee_dev_level": "stateemployee_dev_level 174",
        "employee_gender": "employee_gender 174",
        "employee_hire_date": "1991-01-18T03:11:30.222Z",
        "employee_onleave": false,
        "tech_stack": [
            
        ],
        "project": [
            
        ],
        "id": "174"
    },
    {
        "createdAt": 1648600871,
        "employee_firstname": "employee_firstname 175",
        "employee_lastname": "employee_lastname 175",
        "employee_phonenumbe": "394-790-3684",
        "ademployee_emaildress": "ademployee_emaildress 175",
        "citemployee_addressy": "citemployee_addressy 175",
        "stateemployee_dev_level": "stateemployee_dev_level 175",
        "employee_gender": "employee_gender 175",
        "employee_hire_date": "2075-07-11T00:35:02.588Z",
        "employee_onleave": false,
        "tech_stack": [
            
        ],
        "project": [
            
        ],
        "id": "175"
    },
    {
        "createdAt": 1648600955,
        "employee_firstname": "employee_firstname 176",
        "employee_lastname": "employee_lastname 176",
        "employee_phonenumbe": "306-200-4706",
        "ademployee_emaildress": "ademployee_emaildress 176",
        "citemployee_addressy": "citemployee_addressy 176",
        "stateemployee_dev_level": "stateemployee_dev_level 176",
        "employee_gender": "employee_gender 176",
        "employee_hire_date": "2090-06-11T06:23:36.959Z",
        "employee_onleave": false,
        "tech_stack": [
            
        ],
        "project": [
            
        ],
        "id": "176"
    },
    {
        "createdAt": 1648600976,
        "employee_firstname": "employee_firstname 177",
        "employee_lastname": "employee_lastname 177",
        "employee_phonenumbe": "862-708-6556",
        "ademployee_emaildress": "ademployee_emaildress 177",
        "citemployee_addressy": "citemployee_addressy 177",
        "stateemployee_dev_level": "stateemployee_dev_level 177",
        "employee_gender": "employee_gender 177",
        "employee_hire_date": "2068-05-08T02:05:30.466Z",
        "employee_onleave": false,
        "tech_stack": [
            
        ],
        "project": [
            
        ],
        "id": "177"
    },
    {
        "createdAt": 1648600953,
        "employee_firstname": "employee_firstname 178",
        "employee_lastname": "employee_lastname 178",
        "employee_phonenumbe": "840-441-5798",
        "ademployee_emaildress": "ademployee_emaildress 178",
        "citemployee_addressy": "citemployee_addressy 178",
        "stateemployee_dev_level": "stateemployee_dev_level 178",
        "employee_gender": "employee_gender 178",
        "employee_hire_date": "2026-03-27T08:58:06.828Z",
        "employee_onleave": false,
        "tech_stack": [
            
        ],
        "project": [
            
        ],
        "id": "178"
    },
    {
        "createdAt": 1648602000,
        "employee_firstname": "employee_firstname 179",
        "employee_lastname": "employee_lastname 179",
        "employee_phonenumbe": "251-692-7144",
        "ademployee_emaildress": "ademployee_emaildress 179",
        "citemployee_addressy": "citemployee_addressy 179",
        "stateemployee_dev_level": "stateemployee_dev_level 179",
        "employee_gender": "employee_gender 179",
        "employee_hire_date": "2083-09-21T14:04:31.661Z",
        "employee_onleave": false,
        "tech_stack": [
            
        ],
        "project": [
            
        ],
        "id": "179"
    },
    {
        "createdAt": 1648601995,
        "employee_firstname": "employee_firstname 180",
        "employee_lastname": "employee_lastname 180",
        "employee_phonenumbe": "985-998-4702",
        "ademployee_emaildress": "ademployee_emaildress 180",
        "citemployee_addressy": "citemployee_addressy 180",
        "stateemployee_dev_level": "stateemployee_dev_level 180",
        "employee_gender": "employee_gender 180",
        "employee_hire_date": "2019-04-16T19:47:12.138Z",
        "employee_onleave": false,
        "tech_stack": [
            
        ],
        "project": [
            
        ],
        "id": "180"
    },
    {
        "createdAt": 1648602098,
        "employee_firstname": "employee_firstname 181",
        "employee_lastname": "employee_lastname 181",
        "employee_phonenumbe": "205-397-2252",
        "ademployee_emaildress": "ademployee_emaildress 181",
        "citemployee_addressy": "citemployee_addressy 181",
        "stateemployee_dev_level": "stateemployee_dev_level 181",
        "employee_gender": "employee_gender 181",
        "employee_hire_date": "2017-07-27T07:44:52.132Z",
        "employee_onleave": false,
        "tech_stack": [
            
        ],
        "project": [
            
        ],
        "id": "181"
    },
    {
        "createdAt": 1648602133,
        "employee_firstname": "employee_firstname 182",
        "employee_lastname": "employee_lastname 182",
        "employee_phonenumbe": "645-539-7966",
        "ademployee_emaildress": "ademployee_emaildress 182",
        "citemployee_addressy": "citemployee_addressy 182",
        "stateemployee_dev_level": "stateemployee_dev_level 182",
        "employee_gender": "employee_gender 182",
        "employee_hire_date": "2006-11-04T06:15:03.275Z",
        "employee_onleave": false,
        "tech_stack": [
            
        ],
        "project": [
            
        ],
        "id": "182"
    },
    {
        "createdAt": 1648602073,
        "employee_firstname": "employee_firstname 183",
        "employee_lastname": "employee_lastname 183",
        "employee_phonenumbe": "807-476-3687",
        "ademployee_emaildress": "ademployee_emaildress 183",
        "citemployee_addressy": "citemployee_addressy 183",
        "stateemployee_dev_level": "stateemployee_dev_level 183",
        "employee_gender": "employee_gender 183",
        "employee_hire_date": "1990-05-28T22:39:03.767Z",
        "employee_onleave": false,
        "tech_stack": [
            
        ],
        "project": [
            
        ],
        "id": "183"
    },
    {
        "createdAt": 1648602014,
        "employee_firstname": "employee_firstname 184",
        "employee_lastname": "employee_lastname 184",
        "employee_phonenumbe": "418-789-2880",
        "ademployee_emaildress": "ademployee_emaildress 184",
        "citemployee_addressy": "citemployee_addressy 184",
        "stateemployee_dev_level": "stateemployee_dev_level 184",
        "employee_gender": "employee_gender 184",
        "employee_hire_date": "2028-02-03T07:46:22.702Z",
        "employee_onleave": false,
        "tech_stack": [
            
        ],
        "project": [
            
        ],
        "id": "184"
    },
    {
        "createdAt": 1648602083,
        "employee_firstname": "employee_firstname 185",
        "employee_lastname": "employee_lastname 185",
        "employee_phonenumbe": "918-953-2840",
        "ademployee_emaildress": "ademployee_emaildress 185",
        "citemployee_addressy": "citemployee_addressy 185",
        "stateemployee_dev_level": "stateemployee_dev_level 185",
        "employee_gender": "employee_gender 185",
        "employee_hire_date": "2032-10-29T11:52:04.356Z",
        "employee_onleave": false,
        "tech_stack": [
            
        ],
        "project": [
            
        ],
        "id": "185"
    },
    {
        "createdAt": 1648602024,
        "employee_firstname": "employee_firstname 186",
        "employee_lastname": "employee_lastname 186",
        "employee_phonenumbe": "497-501-0281",
        "ademployee_emaildress": "ademployee_emaildress 186",
        "citemployee_addressy": "citemployee_addressy 186",
        "stateemployee_dev_level": "stateemployee_dev_level 186",
        "employee_gender": "employee_gender 186",
        "employee_hire_date": "2044-01-19T05:46:56.954Z",
        "employee_onleave": false,
        "tech_stack": [
            
        ],
        "project": [
            
        ],
        "id": "186"
    },
    {
        "createdAt": 1648601965,
        "employee_firstname": "employee_firstname 187",
        "employee_lastname": "employee_lastname 187",
        "employee_phonenumbe": "272-745-6183",
        "ademployee_emaildress": "ademployee_emaildress 187",
        "citemployee_addressy": "citemployee_addressy 187",
        "stateemployee_dev_level": "stateemployee_dev_level 187",
        "employee_gender": "employee_gender 187",
        "employee_hire_date": "2002-01-29T07:14:32.816Z",
        "employee_onleave": false,
        "tech_stack": [
            
        ],
        "project": [
            
        ],
        "id": "187"
    },
    {
        "createdAt": 1648627367,
        "employee_firstname": "employee_firstname 188",
        "employee_lastname": "employee_lastname 188",
        "employee_phonenumbe": "709-367-6548",
        "ademployee_emaildress": "ademployee_emaildress 188",
        "citemployee_addressy": "citemployee_addressy 188",
        "stateemployee_dev_level": "stateemployee_dev_level 188",
        "employee_gender": "employee_gender 188",
        "employee_hire_date": "2078-07-19T05:14:55.523Z",
        "employee_onleave": false,
        "tech_stack": [
            
        ],
        "project": [
            
        ],
        "id": "188"
    },
    {
        "createdAt": 1648627443,
        "employee_firstname": "employee_firstname 189",
        "employee_lastname": "employee_lastname 189",
        "employee_phonenumbe": "395-223-8025",
        "ademployee_emaildress": "ademployee_emaildress 189",
        "citemployee_addressy": "citemployee_addressy 189",
        "stateemployee_dev_level": "stateemployee_dev_level 189",
        "employee_gender": "employee_gender 189",
        "employee_hire_date": "2034-11-13T16:31:10.060Z",
        "employee_onleave": false,
        "tech_stack": [
            
        ],
        "project": [
            
        ],
        "id": "189"
    },
    {
        "createdAt": 1648627614,
        "employee_firstname": "employee_firstname 190",
        "employee_lastname": "employee_lastname 190",
        "employee_phonenumbe": "549-883-7884",
        "ademployee_emaildress": "ademployee_emaildress 190",
        "citemployee_addressy": "citemployee_addressy 190",
        "stateemployee_dev_level": "stateemployee_dev_level 190",
        "employee_gender": "employee_gender 190",
        "employee_hire_date": "2010-05-13T05:53:07.743Z",
        "employee_onleave": false,
        "tech_stack": [
            
        ],
        "project": [
            
        ],
        "id": "190"
    },
    {
        "createdAt": 1648627935,
        "employee_firstname": "employee_firstname 191",
        "employee_lastname": "employee_lastname 191",
        "employee_phonenumbe": "335-504-7158",
        "ademployee_emaildress": "ademployee_emaildress 191",
        "citemployee_addressy": "citemployee_addressy 191",
        "stateemployee_dev_level": "stateemployee_dev_level 191",
        "employee_gender": "employee_gender 191",
        "employee_hire_date": "1991-09-10T20:41:11.318Z",
        "employee_onleave": false,
        "tech_stack": [
            
        ],
        "project": [
            
        ],
        "id": "191"
    },
    {
        "createdAt": 1648628004,
        "employee_firstname": "employee_firstname 192",
        "employee_lastname": "employee_lastname 192",
        "employee_phonenumbe": "410-481-5816",
        "ademployee_emaildress": "ademployee_emaildress 192",
        "citemployee_addressy": "citemployee_addressy 192",
        "stateemployee_dev_level": "stateemployee_dev_level 192",
        "employee_gender": "employee_gender 192",
        "employee_hire_date": "2086-07-08T11:56:56.695Z",
        "employee_onleave": false,
        "tech_stack": [
            
        ],
        "project": [
            
        ],
        "id": "192"
    },
    {
        "createdAt": 1648628011,
        "employee_firstname": "employee_firstname 193",
        "employee_lastname": "employee_lastname 193",
        "employee_phonenumbe": "879-971-0336",
        "ademployee_emaildress": "ademployee_emaildress 193",
        "citemployee_addressy": "citemployee_addressy 193",
        "stateemployee_dev_level": "stateemployee_dev_level 193",
        "employee_gender": "employee_gender 193",
        "employee_hire_date": "2075-07-04T13:48:49.646Z",
        "employee_onleave": false,
        "tech_stack": [
            
        ],
        "project": [
            
        ],
        "id": "193"
    },
    {
        "createdAt": 1648628035,
        "employee_firstname": "employee_firstname 194",
        "employee_lastname": "employee_lastname 194",
        "employee_phonenumbe": "425-797-1190",
        "ademployee_emaildress": "ademployee_emaildress 194",
        "citemployee_addressy": "citemployee_addressy 194",
        "stateemployee_dev_level": "stateemployee_dev_level 194",
        "employee_gender": "employee_gender 194",
        "employee_hire_date": "1996-06-23T11:10:41.103Z",
        "employee_onleave": false,
        "tech_stack": [
            
        ],
        "project": [
            
        ],
        "id": "194"
    },
    {
        "createdAt": 1648628059,
        "employee_firstname": "employee_firstname 195",
        "employee_lastname": "employee_lastname 195",
        "employee_phonenumbe": "389-456-7973",
        "ademployee_emaildress": "ademployee_emaildress 195",
        "citemployee_addressy": "citemployee_addressy 195",
        "stateemployee_dev_level": "stateemployee_dev_level 195",
        "employee_gender": "employee_gender 195",
        "employee_hire_date": "2057-08-06T21:17:14.695Z",
        "employee_onleave": false,
        "tech_stack": [
            
        ],
        "project": [
            
        ],
        "id": "195"
    },
    {
        "createdAt": 1648628040,
        "employee_firstname": "employee_firstname 196",
        "employee_lastname": "employee_lastname 196",
[...]
        "employee_gender": "employee_gender 1",
        "employee_hire_date": "2025-10-31T16:35:45.426Z",
        "employee_onleave": true,
        "tech_stack": [
            
        ],
        "project": [
            
        ],
        "id": "218"
    },
    {
        "createdAt": 1631825833,
        "employee_firstname": "TestData12345",
        "employee_lastname": "TestData12345",
        "employee_phonenumbe": "264-783-9453",
        "ademployee_emaildress": "ademployee_emaildress 1",
        "citemployee_addressy": "citemployee_addressy 1",
        "stateemployee_dev_level": "stateemployee_dev_level 1",
        "employee_gender": "employee_gender 1",
        "employee_hire_date": "2025-10-31T16:35:45.426Z",
        "employee_onleave": true,
        "tech_stack": [
            
        ],
        "project": [
            
        ],
        "id": "219"
    },
    {
        "createdAt": 1631825833,
        "employee_firstname": "TestData12345",
        "employee_lastname": "TestData12345",
        "employee_phonenumbe": "264-783-9453",
        "ademployee_emaildress": "ademployee_emaildress 1",
        "citemployee_addressy": "citemployee_addressy 1",
        "stateemployee_dev_level": "stateemployee_dev_level 1",
        "employee_gender": "employee_gender 1",
        "employee_hire_date": "2025-10-31T16:35:45.426Z",
        "employee_onleave": true,
        "tech_stack": [
            
        ],
        "project": [
            
        ],
        "id": "220"
    },
    {
        "createdAt": 1631825833,
        "employee_firstname": "TestData12345",
        "employee_lastname": "TestData12345",
        "employee_phonenumbe": "264-783-9453",
        "ademployee_emaildress": "ademployee_emaildress 1",
        "citemployee_addressy": "citemployee_addressy 1",
        "stateemployee_dev_level": "stateemployee_dev_level 1",
        "employee_gender": "employee_gender 1",
        "employee_hire_date": "2025-10-31T16:35:45.426Z",
        "employee_onleave": true,
        "tech_stack": [
            
        ],
        "project": [
            
        ],
        "id": "221"
    },
    {
        "createdAt": 1631825833,
        "employee_firstname": "TestData12345",
        "employee_lastname": "TestData12345",
        "employee_phonenumbe": "264-783-9453",
        "ademployee_emaildress": "ademployee_emaildress 1",
        "citemployee_addressy": "citemployee_addressy 1",
        "stateemployee_dev_level": "stateemployee_dev_level 1",
        "employee_gender": "employee_gender 1",
        "employee_hire_date": "2025-10-31T16:35:45.426Z",
        "employee_onleave": true,
        "tech_stack": [
            
        ],
        "project": [
            
        ],
        "id": "222"
    },
    {
        "createdAt": 1631825833,
        "employee_firstname": "TestData12345",
        "employee_lastname": "TestData12345",
        "employee_phonenumbe": "264-783-9453",
        "ademployee_emaildress": "ademployee_emaildress 1",
        "citemployee_addressy": "citemployee_addressy 1",
        "stateemployee_dev_level": "stateemployee_dev_level 1",
        "employee_gender": "employee_gender 1",
        "employee_hire_date": "2025-10-31T16:35:45.426Z",
        "employee_onleave": true,
        "tech_stack": [
            
        ],
        "project": [
            
        ],
        "id": "223"
    },
    {
        "createdAt": 1631824813,
        "employee_firstname": "employee_firstname 18",
        "employee_lastname": "employee_lastname 18",
        "employee_phonenumbe": "940-588-5938",
        "ademployee_emaildress": "ademployee_emaildress 18",
        "citemployee_addressy": "citemployee_addressy 18",
        "stateemployee_dev_level": "stateemployee_dev_level 18",
        "employee_gender": "employee_gender 18",
        "employee_hire_date": "2033-02-05T21:36:16.575Z",
        "employee_onleave": false,
        "tech_stack": [
            
        ],
        "project": [
            
        ],
        "id": "224"
    },
    {
        "createdAt": 1631824813,
        "employee_firstname": "employee_firstname 225",
        "employee_lastname": "employee_lastname 225",
        "employee_phonenumbe": "570-950-6721",
        "ademployee_emaildress": "ademployee_emaildress 225",
        "citemployee_addressy": "citemployee_addressy 225",
        "stateemployee_dev_level": "stateemployee_dev_level 225",
        "employee_gender": "employee_gender 225",
        "employee_hire_date": "2040-10-05T06:16:53.099Z",
        "employee_onleave": false,
        "tech_stack": [
            
        ],
        "project": [
            
        ],
        "id": "225",
        "employeeFirstname": "hassan 1",
        "employeeLastname": "hassan 2",
        "employeePhonenumbe": "940-588-5938",
        "ademployeeEmaildress": "hassan@gmail.com",
        "citemployeeAddressy": "citemployee_addressy 1",
        "stateemployeeDevLevel": "stateemployee_dev_level 1",
        "employeeGender": "employee_gender 1",
        "employeeHireDate": "2033-02-05T21:36:16.575Z",
        "employeeOnleave": false,
        "techStack": [
            
        ],
        "additionalProperties": {
            
        }
    },
    {
        "createdAt": 1631824813,
        "employee_firstname": "employee_firstname 226",
        "employee_lastname": "employee_lastname 226",
        "employee_phonenumbe": "770-478-0166",
        "ademployee_emaildress": "ademployee_emaildress 226",
        "citemployee_addressy": "citemployee_addressy 226",
        "stateemployee_dev_level": "stateemployee_dev_level 226",
        "employee_gender": "employee_gender 226",
        "employee_hire_date": "2006-05-14T06:36:25.468Z",
        "employee_onleave": false,
        "tech_stack": [
            
        ],
        "project": [
            
        ],
        "id": "226",
        "employeeFirstname": "hassan 1",
        "employeeLastname": "hassan 2",
        "employeePhonenumbe": "940-588-5938",
        "ademployeeEmaildress": "hassan@gmail.com",
        "citemployeeAddressy": "citemployee_addressy 1",
        "stateemployeeDevLevel": "stateemployee_dev_level 1",
        "employeeGender": "employee_gender 1",
        "employeeHireDate": "2033-02-05T21:36:16.575Z",
        "employeeOnleave": false,
        "techStack": [
            
        ],
        "additionalProperties": {
            
        }
    },
    {
        "createdAt": 1631824813,
        "employee_firstname": "hassan 1",
        "employee_lastname": "hassan 2",
        "employee_phonenumbe": "940-588-5938",
        "ademployee_emaildress": "hassan@gmail.com",
        "citemployee_addressy": "citemployee_addressy 1",
        "stateemployee_dev_level": "stateemployee_dev_level 1",
        "employee_gender": "employee_gender 1",
        "employee_hire_date": "2033-02-05T21:36:16.575Z",
        "employee_onleave": false,
        "tech_stack": [
            
        ],
        "project": [
            
        ],
        "id": "227"
    },
    {
        "createdAt": 1631824813,
        "employee_firstname": "employee_firstname 228",
        "employee_lastname": "employee_lastname 228",
        "employee_phonenumbe": "702-383-9802",
        "ademployee_emaildress": "ademployee_emaildress 228",
        "citemployee_addressy": "citemployee_addressy 228",
        "stateemployee_dev_level": "stateemployee_dev_level 228",
        "employee_gender": "employee_gender 228",
        "employee_hire_date": "2076-07-13T21:10:40.126Z",
        "employee_onleave": false,
        "tech_stack": [
            
        ],
        "project": [
            
        ],
        "id": "228",
        "employeeFirstname": "hassan 1",
        "employeeLastname": "hassan 2",
        "employeePhonenumbe": "940-588-5938",
        "ademployeeEmaildress": "hassan@gmail.com",
        "citemployeeAddressy": "citemployee_addressy 1",
        "stateemployeeDevLevel": "stateemployee_dev_level 1",
        "employeeGender": "employee_gender 1",
        "employeeHireDate": "2033-02-05T21:36:16.575Z",
        "employeeOnleave": false,
        "techStack": [
            
        ],
        "additionalProperties": {
            
        }
    },
    {
        "createdAt": 1660815170,
        "employee_firstname": "employee_firstname 239",
        "employee_lastname": "employee_lastname 239",
        "employee_phonenumbe": "899-827-4290",
        "ademployee_emaildress": "ademployee_emaildress 239",
        "citemployee_addressy": "citemployee_addressy 239",
        "stateemployee_dev_level": "stateemployee_dev_level 239",
        "employee_gender": "employee_gender 239",
        "employee_hire_date": "2096-03-21T20:07:07.331Z",
        "employee_onleave": false,
        "tech_stack": [
            
        ],
        "project": [
            
        ],
        "id": "239"
    },
    {
        "createdAt": 1660817070,
        "employee_firstname": "employee_firstname 249",
        "employee_lastname": "employee_lastname 249",
        "employee_phonenumbe": "740-773-5991",
        "ademployee_emaildress": "ademployee_emaildress 249",
        "citemployee_addressy": "citemployee_addressy 249",
        "stateemployee_dev_level": "stateemployee_dev_level 249",
        "employee_gender": "employee_gender 249",
        "employee_hire_date": "2066-10-14T12:14:42.220Z",
        "employee_onleave": false,
        "tech_stack": [
            
        ],
        "project": [
            
        ],
        "id": "249"
    },
    {
        "createdAt": 1631825833,
        "employee_firstname": "TestData12345",
        "employee_lastname": "TestData12345",
        "employee_phonenumbe": "264-783-9453",
        "ademployee_emaildress": "ademployee_emaildress 250",
        "citemployee_addressy": "citemployee_addressy 1",
        "stateemployee_dev_level": "stateemployee_dev_level 1",
        "employee_gender": "employee_gender 1",
        "employee_hire_date": "2025-10-31T16:35:45.426Z",
        "employee_onleave": true,
        "tech_stack": [
            
        ],
        "project": [
            
        ],
        "id": "250",
        "employee_emaildress": "employee_emaildress 1"
    },
    {
        "createdAt": 1660817120,
        "employee_firstname": "employee_firstname 251",
        "employee_lastname": "employee_lastname 251",
        "employee_phonenumbe": "309-846-8883",
        "ademployee_emaildress": "ademployee_emaildress 251",
        "citemployee_addressy": "citemployee_addressy 251",
        "stateemployee_dev_level": "stateemployee_dev_level 251",
        "employee_gender": "employee_gender 251",
        "employee_hire_date": "2082-11-28T10:38:49.345Z",
        "employee_onleave": false,
        "tech_stack": [
            
        ],
        "project": [
            
        ],
        "id": "251"
    },
    {
        "createdAt": 1660817163,
        "employee_firstname": "employee_firstname 252",
        "employee_lastname": "employee_lastname 252",
        "employee_phonenumbe": "877-257-8073",
        "ademployee_emaildress": "ademployee_emaildress 252",
        "citemployee_addressy": "citemployee_addressy 252",
        "stateemployee_dev_level": "stateemployee_dev_level 252",
        "employee_gender": "employee_gender 252",
        "employee_hire_date": "2032-07-27T16:02:44.626Z",
        "employee_onleave": false,
        "tech_stack": [
            
        ],
        "project": [
            
        ],
        "id": "252"
    },
    {
        "createdAt": 1660817564,
        "employee_firstname": "employee_firstname 253",
        "employee_lastname": "employee_lastname 253",
        "employee_phonenumbe": "855-580-8630",
        "ademployee_emaildress": "ademployee_emaildress 253",
        "citemployee_addressy": "citemployee_addressy 253",
        "stateemployee_dev_level": "stateemployee_dev_level 253",
        "employee_gender": "employee_gender 253",
        "employee_hire_date": "2055-02-21T07:40:25.968Z",
        "employee_onleave": false,
        "tech_stack": [
            
        ],
        "project": [
            
        ],
        "id": "253"
    },
    {
        "createdAt": 1660817798,
        "employee_firstname": "employee_firstname 254",
        "employee_lastname": "employee_lastname 254",
        "employee_phonenumbe": "728-640-2695",
        "ademployee_emaildress": "ademployee_emaildress 254",
        "citemployee_addressy": "citemployee_addressy 254",
        "stateemployee_dev_level": "stateemployee_dev_level 254",
        "employee_gender": "employee_gender 254",
        "employee_hire_date": "2005-10-24T16:09:59.017Z",
        "employee_onleave": false,
        "tech_stack": [
            
        ],
        "project": [
            
        ],
        "id": "254"
    },
    {
        "createdAt": 1660817985,
        "employee_firstname": "employee_firstname 255",
        "employee_lastname": "employee_lastname 255",
        "employee_phonenumbe": "343-387-0071",
        "ademployee_emaildress": "ademployee_emaildress 255",
        "citemployee_addressy": "citemployee_addressy 255",
        "stateemployee_dev_level": "stateemployee_dev_level 255",
        "employee_gender": "employee_gender 255",
        "employee_hire_date": "2094-08-16T18:23:41.338Z",
        "employee_onleave": false,
        "tech_stack": [
            
        ],
        "project": [
            
        ],
        "id": "255"
    },
    {
        "createdAt": 1660818361,
        "employee_firstname": "employee_firstname 256",
        "employee_lastname": "employee_lastname 256",
        "employee_phonenumbe": "646-929-9404",
        "ademployee_emaildress": "ademployee_emaildress 256",
        "citemployee_addressy": "citemployee_addressy 256",
        "stateemployee_dev_level": "stateemployee_dev_level 256",
        "employee_gender": "employee_gender 256",
        "employee_hire_date": "2017-02-25T13:44:10.078Z",
        "employee_onleave": false,
        "tech_stack": [
            
        ],
        "project": [
            
        ],
        "id": "256"
    },
    {
        "createdAt": 1660818760,
        "employee_firstname": "employee_firstname 257",
        "employee_lastname": "employee_lastname 257",
        "employee_phonenumbe": "780-758-8463",
        "ademployee_emaildress": "ademployee_emaildress 257",
        "citemployee_addressy": "citemployee_addressy 257",
        "stateemployee_dev_level": "stateemployee_dev_level 257",
        "employee_gender": "employee_gender 257",
        "employee_hire_date": "2034-10-20T06:19:33.373Z",
        "employee_onleave": false,
        "tech_stack": [
            
        ],
        "project": [
            
        ],
        "id": "257"
    },
    {
        "createdAt": 1631825833,
        "employee_firstname": "TestData12345",
        "employee_lastname": "TestData12345",
        "employee_phonenumbe": "264-783-9453",
        "ademployee_emaildress": "ademployee_emaildress 1",
        "citemployee_addressy": "citemployee_addressy 1",
        "stateemployee_dev_level": "stateemployee_dev_level 1",
        "employee_gender": "employee_gender 1",
        "employee_hire_date": "2025-10-31T16:35:45.426Z",
        "employee_onleave": true,
        "tech_stack": [
            
        ],
        "project": [
            
        ],
        "id": "258"
    },
    {
        "createdAt": 1631825833,
        "employee_firstname": "TestData12345",
        "employee_lastname": "TestData12345",
        "employee_phonenumbe": "264-783-9453",
        "ademployee_emaildress": "ademployee_emaildress 1",
        "citemployee_addressy": "citemployee_addressy 1",
        "stateemployee_dev_level": "stateemployee_dev_level 1",
        "employee_gender": "employee_gender 1",
        "employee_hire_date": "2025-10-31T16:35:45.426Z",
        "employee_onleave": true,
        "tech_stack": [
            
        ],
        "project": [
            
        ],
        "id": "259"
    },
    {
        "createdAt": 1631825833,
        "employee_firstname": "TestData12345",
        "employee_lastname": "TestData12345",
        "employee_phonenumbe": "264-783-9453",
        "ademployee_emaildress": "ademployee_emaildress 1",
        "citemployee_addressy": "citemployee_addressy 1",
        "stateemployee_dev_level": "stateemployee_dev_level 1",
        "employee_gender": "employee_gender 1",
        "employee_hire_date": "2025-10-31T16:35:45.426Z",
        "employee_onleave": true,
        "tech_stack": [
            
        ],
        "project": [
            
        ],
        "id": "260"
    },
    {
        "createdAt": 1631825833,
        "employee_firstname": "TestData12345",
        "employee_lastname": "TestData12345",
        "employee_phonenumbe": "264-783-9453",
        "ademployee_emaildress": "ademployee_emaildress 1",
        "citemployee_addressy": "citemployee_addressy 1",
        "stateemployee_dev_level": "stateemployee_dev_level 1",
        "employee_gender": "employee_gender 1",
        "employee_hire_date": "2025-10-31T16:35:45.426Z",
        "employee_onleave": true,
        "tech_stack": [
            
        ],
        "project": [
            
        ],
        "id": "261"
    },
    {
        "createdAt": 1660821732,
        "employee_firstname": "employee_firstname 262",
        "employee_lastname": "employee_lastname 262",
        "employee_phonenumbe": "602-909-6312",
        "ademployee_emaildress": "ademployee_emaildress 262",
        "citemployee_addressy": "citemployee_addressy 262",
        "stateemployee_dev_level": "stateemployee_dev_level 262",
        "employee_gender": "employee_gender 262",
        "employee_hire_date": "2006-12-22T06:46:13.731Z",
        "employee_onleave": false,
        "tech_stack": [
            
        ],
        "project": [
            
        ],
        "id": "262"
    },
    {
        "createdAt": "1631825833",
        "employee_firstname": "TestData12345",
        "employee_lastname": "TestData12345",
        "employee_phonenumbe": "699-786-4815",
        "ademployee_emaildress": "ademployee_emaildress 263",
        "citemployee_addressy": "citemployee_addressy 1",
        "stateemployee_dev_level": "stateemployee_dev_level 1",
        "employee_gender": "employee_gender 1",
        "employee_hire_date": "2025-10-31T16:35:45.426Z",
        "employee_onleave": "true",
        "tech_stack": [
            
        ],
        "project": [
            
        ],
        "id": "263",
        "employee_emaildress": "employee_emaildress 1"
    },
    {
        "createdAt": 1660821756,
        "employee_firstname": "employee_firstname 264",
        "employee_lastname": "employee_lastname 264",
        "employee_phonenumbe": "591-610-7964",
        "ademployee_emaildress": "ademployee_emaildress 264",
        "citemployee_addressy": "citemployee_addressy 264",
        "stateemployee_dev_level": "stateemployee_dev_level 264",
        "employee_gender": "employee_gender 264",
        "employee_hire_date": "2054-01-16T12:50:13.552Z",
        "employee_onleave": false,
        "tech_stack": [
            
        ],
        "project": [
            
        ],
        "id": "264"
    },
    {
        "createdAt": 1631825833,
        "employee_firstname": "TestData12345",
        "employee_lastname": "TestData12345",
        "employee_phonenumbe": "264-783-9453",
        "ademployee_emaildress": "ademployee_emaildress 1",
        "citemployee_addressy": "citemployee_addressy 1",
        "stateemployee_dev_level": "stateemployee_dev_level 1",
        "employee_gender": "employee_gender 1",
        "employee_hire_date": "2025-10-31T16:35:45.426Z",
        "employee_onleave": true,
        "tech_stack": [
            
        ],
        "project": [
            
        ],
        "id": "265"
    }
]
GET stcode io.restassured.internal.ValidatableResponseImpl@3fa7df1
retrieve last id 265
POST call id value null
GET call id value(last index) null
]]></system-out>
  </testcase>
</testsuite>