-------------------------------------------------------------------------------
Test set: test.demo.testrunner.TestRunner
-------------------------------------------------------------------------------
Tests run: 2, Failures: 1, Errors: 0, Skipped: 0, Time elapsed: 14.072 s <<< FAILURE! - in test.demo.testrunner.TestRunner
API validation of GET call(labcorp mock test for API Validation)  Time elapsed: 1.018 s  <<< FAILURE!
java.lang.AssertionError: 
1 expectation failed.
JSON path x[98].createdAt doesn't match.
Expected: 265
  Actual: null


